2024-06-08 10:36:02.375 [info] Getting Manifest... asvetliakov.vscode-neovim
2024-06-08 10:36:04.558 [info] Installing extension: asvetliakov.vscode-neovim
2024-06-08 10:36:06.933 [error] Could not load vsce-sign module Cannot find module '@vscode/vsce-sign'
Require stack:
- /opt/vscodium-bin/resources/app/out/bootstrap-amd.js
- /opt/vscodium-bin/resources/app/out/bootstrap-fork.js
2024-06-08 10:36:06.935 [info] Extension signature verification is not done: asvetliakov.vscode-neovim
2024-06-08 10:36:07.135 [info] Extracted extension to file:///home/omnia/.vscode-oss/extensions/asvetliakov.vscode-neovim-1.15.2-universal: asvetliakov.vscode-neovim
2024-06-08 10:36:07.142 [info] Renamed to /home/omnia/.vscode-oss/extensions/asvetliakov.vscode-neovim-1.15.2-universal
2024-06-08 10:36:07.145 [info] Extracting extension completed. asvetliakov.vscode-neovim
2024-06-08 10:36:07.158 [info] Extension installed successfully: asvetliakov.vscode-neovim
2024-06-08 10:36:07.166 [info] Marked extension as uninstalled asvetliakov.vscode-neovim-1.15.0-universal
2024-06-08 10:36:07.186 [error] [uncaught exception in sharedProcess]: Error: ENOENT: no such file or directory, stat '/home/omnia/.vscode-oss/extensions/extensions.json.vsctmp': EntryNotFound (FileSystemError): Error: ENOENT: no such file or directory, stat '/home/omnia/.vscode-oss/extensions/extensions.json.vsctmp'
    at a.create (/opt/vscodium-bin/resources/app/out/vs/code/node/sharedProcess/sharedProcessMain.js:53:35240)
    at y (/opt/vscodium-bin/resources/app/out/vs/code/node/sharedProcess/sharedProcessMain.js:53:35371)
    at t.toFileSystemProviderError (/opt/vscodium-bin/resources/app/out/vs/code/node/sharedProcess/sharedProcessMain.js:58:48350)
    at t.stat (/opt/vscodium-bin/resources/app/out/vs/code/node/sharedProcess/sharedProcessMain.js:58:38945)
    at async S.stat (/opt/vscodium-bin/resources/app/out/vs/code/node/sharedProcess/sharedProcessMain.js:58:21449)
    at async H.onDidFilesChange (/opt/vscodium-bin/resources/app/out/vs/code/node/sharedProcess/sharedProcessMain.js:104:135201)
2024-06-08 10:36:26.644 [info] Getting Manifest... rust-lang.rust-analyzer
2024-06-08 10:36:26.961 [info] Installing extension: rust-lang.rust-analyzer
2024-06-08 10:36:35.466 [error] Could not load vsce-sign module Cannot find module '@vscode/vsce-sign'
Require stack:
- /opt/vscodium-bin/resources/app/out/bootstrap-amd.js
- /opt/vscodium-bin/resources/app/out/bootstrap-fork.js
2024-06-08 10:36:35.467 [info] Extension signature verification is not done: rust-lang.rust-analyzer
2024-06-08 10:36:36.365 [info] Extracted extension to file:///home/omnia/.vscode-oss/extensions/rust-lang.rust-analyzer-0.3.1983-linux-x64: rust-lang.rust-analyzer
2024-06-08 10:36:36.373 [info] Renamed to /home/omnia/.vscode-oss/extensions/rust-lang.rust-analyzer-0.3.1983-linux-x64
2024-06-08 10:36:36.377 [info] Extracting extension completed. rust-lang.rust-analyzer
2024-06-08 10:36:36.394 [info] Extension installed successfully: rust-lang.rust-analyzer
2024-06-08 10:36:36.468 [error] [uncaught exception in sharedProcess]: Error: ENOENT: no such file or directory, stat '/home/omnia/.vscode-oss/extensions/extensions.json.vsctmp': EntryNotFound (FileSystemError): Error: ENOENT: no such file or directory, stat '/home/omnia/.vscode-oss/extensions/extensions.json.vsctmp'
    at a.create (/opt/vscodium-bin/resources/app/out/vs/code/node/sharedProcess/sharedProcessMain.js:53:35240)
    at y (/opt/vscodium-bin/resources/app/out/vs/code/node/sharedProcess/sharedProcessMain.js:53:35371)
    at t.toFileSystemProviderError (/opt/vscodium-bin/resources/app/out/vs/code/node/sharedProcess/sharedProcessMain.js:58:48350)
    at t.stat (/opt/vscodium-bin/resources/app/out/vs/code/node/sharedProcess/sharedProcessMain.js:58:38945)
    at async S.stat (/opt/vscodium-bin/resources/app/out/vs/code/node/sharedProcess/sharedProcessMain.js:58:21449)
    at async H.onDidFilesChange (/opt/vscodium-bin/resources/app/out/vs/code/node/sharedProcess/sharedProcessMain.js:104:135201)
