2024-06-05 20:54:17.645 [info] Getting Manifest... reditorsupport.r
2024-06-05 20:54:18.052 [info] Installing extension: reditorsupport.r
2024-06-05 20:54:26.362 [error] Could not load vsce-sign module Cannot find module '@vscode/vsce-sign'
Require stack:
- /opt/vscodium-bin/resources/app/out/bootstrap-amd.js
- /opt/vscodium-bin/resources/app/out/bootstrap-fork.js
2024-06-05 20:54:26.362 [info] Extension signature verification is not done: reditorsupport.r
2024-06-05 20:54:26.588 [info] Extracted extension to file:///home/omnia/.vscode-oss/extensions/reditorsupport.r-2.8.4-universal: reditorsupport.r
2024-06-05 20:54:26.597 [info] Renamed to /home/omnia/.vscode-oss/extensions/reditorsupport.r-2.8.4-universal
2024-06-05 20:54:26.600 [info] Extracting extension completed. reditorsupport.r
2024-06-05 20:54:26.615 [info] Extension installed successfully: reditorsupport.r
2024-06-05 20:54:26.690 [error] [uncaught exception in sharedProcess]: Error: ENOENT: no such file or directory, stat '/home/omnia/.vscode-oss/extensions/extensions.json.vsctmp': EntryNotFound (FileSystemError): Error: ENOENT: no such file or directory, stat '/home/omnia/.vscode-oss/extensions/extensions.json.vsctmp'
    at a.create (/opt/vscodium-bin/resources/app/out/vs/code/node/sharedProcess/sharedProcessMain.js:53:35240)
    at y (/opt/vscodium-bin/resources/app/out/vs/code/node/sharedProcess/sharedProcessMain.js:53:35371)
    at t.toFileSystemProviderError (/opt/vscodium-bin/resources/app/out/vs/code/node/sharedProcess/sharedProcessMain.js:58:48350)
    at t.stat (/opt/vscodium-bin/resources/app/out/vs/code/node/sharedProcess/sharedProcessMain.js:58:38945)
    at async S.stat (/opt/vscodium-bin/resources/app/out/vs/code/node/sharedProcess/sharedProcessMain.js:58:21449)
    at async H.onDidFilesChange (/opt/vscodium-bin/resources/app/out/vs/code/node/sharedProcess/sharedProcessMain.js:104:135201)
2024-06-05 20:55:39.559 [info] Getting Manifest... asvetliakov.vscode-neovim
2024-06-05 20:55:40.017 [info] Installing extension: asvetliakov.vscode-neovim
2024-06-05 20:55:42.348 [error] Could not load vsce-sign module Cannot find module '@vscode/vsce-sign'
Require stack:
- /opt/vscodium-bin/resources/app/out/bootstrap-amd.js
- /opt/vscodium-bin/resources/app/out/bootstrap-fork.js
2024-06-05 20:55:42.349 [info] Extension signature verification is not done: asvetliakov.vscode-neovim
2024-06-05 20:55:42.465 [info] Extracted extension to file:///home/omnia/.vscode-oss/extensions/asvetliakov.vscode-neovim-1.15.0-universal: asvetliakov.vscode-neovim
2024-06-05 20:55:42.471 [info] Renamed to /home/omnia/.vscode-oss/extensions/asvetliakov.vscode-neovim-1.15.0-universal
2024-06-05 20:55:42.473 [info] Extracting extension completed. asvetliakov.vscode-neovim
2024-06-05 20:55:42.486 [info] Extension installed successfully: asvetliakov.vscode-neovim
2024-06-05 20:55:42.535 [error] [uncaught exception in sharedProcess]: Error: ENOENT: no such file or directory, stat '/home/omnia/.vscode-oss/extensions/extensions.json.vsctmp': EntryNotFound (FileSystemError): Error: ENOENT: no such file or directory, stat '/home/omnia/.vscode-oss/extensions/extensions.json.vsctmp'
    at a.create (/opt/vscodium-bin/resources/app/out/vs/code/node/sharedProcess/sharedProcessMain.js:53:35240)
    at y (/opt/vscodium-bin/resources/app/out/vs/code/node/sharedProcess/sharedProcessMain.js:53:35371)
    at t.toFileSystemProviderError (/opt/vscodium-bin/resources/app/out/vs/code/node/sharedProcess/sharedProcessMain.js:58:48350)
    at t.stat (/opt/vscodium-bin/resources/app/out/vs/code/node/sharedProcess/sharedProcessMain.js:58:38945)
    at async S.stat (/opt/vscodium-bin/resources/app/out/vs/code/node/sharedProcess/sharedProcessMain.js:58:21449)
    at async H.onDidFilesChange (/opt/vscodium-bin/resources/app/out/vs/code/node/sharedProcess/sharedProcessMain.js:104:135201)
