2024-06-05 20:53:40.111 [info] Added views:workbench.panel.markers.view in workbench.panel.markers
2024-06-05 20:53:40.111 [info] Added views:workbench.panel.output in workbench.panel.output
2024-06-05 20:53:40.111 [info] Added views:terminal in terminal
2024-06-05 20:53:40.111 [info] Added views:outline in workbench.view.explorer
2024-06-05 20:53:40.111 [info] Added views:workbench.scm in workbench.view.scm
2024-06-05 20:53:40.111 [info] Added views:workbench.view.search in workbench.view.search
2024-06-05 20:53:40.111 [info] Added views:timeline in workbench.view.explorer
2024-06-05 20:53:40.111 [info] Added views:workbench.explorer.fileView in workbench.view.explorer
2024-06-05 20:53:40.950 [info] Added views:workbench.debug.variablesView,workbench.debug.watchExpressionsView,workbench.debug.callStackView,workbench.debug.breakPointsView in workbench.view.debug
2024-06-05 20:53:41.098 [info] Added views:workbench.panel.repl.view in workbench.panel.repl
2024-06-05 20:53:41.101 [info] Removed views:workbench.debug.breakPointsView,workbench.debug.callStackView,workbench.debug.watchExpressionsView,workbench.debug.variablesView from workbench.view.debug
2024-06-05 20:53:41.103 [info] Added views:workbench.debug.welcome in workbench.view.debug
2024-06-05 20:53:41.292 [info] Added views:~remote.forwardedPorts in ~remote.forwardedPortsContainer
2024-06-05 20:53:56.003 [info] Added views:workbench.views.extensions.installed,workbench.views.extensions.popular,extensions.recommendedList in workbench.view.extensions
2024-06-05 20:53:56.017 [info] Removed views:workbench.views.extensions.popular from workbench.view.extensions
2024-06-05 20:53:56.481 [info] Added views:workbench.views.extensions.popular in workbench.view.extensions
2024-06-05 20:54:05.641 [info] Removed views:extensions.recommendedList,workbench.views.extensions.popular,workbench.views.extensions.installed from workbench.view.extensions
2024-06-05 20:54:05.653 [info] Added views:workbench.views.extensions.marketplace in workbench.view.extensions
2024-06-05 20:54:26.784 [info] Added views:workspaceViewer in workbench.view.extension.workspaceViewer
2024-06-05 20:54:27.288 [info] Added views:rHelpPages in workbench.view.extension.workspaceViewer
2024-06-05 20:54:27.332 [info] Added views:rLiveShare in workbench.view.extension.workspaceViewer
2024-06-05 20:55:23.484 [info] Removed views:workbench.views.extensions.marketplace from workbench.view.extensions
2024-06-05 20:55:23.503 [info] Added views:workbench.views.extensions.installed,workbench.views.extensions.popular,extensions.recommendedList in workbench.view.extensions
2024-06-05 20:55:24.900 [info] Removed views:extensions.recommendedList,workbench.views.extensions.popular,workbench.views.extensions.installed from workbench.view.extensions
2024-06-05 20:55:24.946 [info] Added views:workbench.views.extensions.marketplace in workbench.view.extensions
2024-06-05 20:55:33.223 [info] Removed views:workbench.views.extensions.marketplace from workbench.view.extensions
2024-06-05 20:55:33.242 [info] Added views:workbench.views.extensions.installed,workbench.views.extensions.popular,extensions.recommendedList in workbench.view.extensions
2024-06-05 20:55:35.155 [info] Removed views:extensions.recommendedList,workbench.views.extensions.popular,workbench.views.extensions.installed from workbench.view.extensions
2024-06-05 20:55:35.170 [info] Added views:workbench.views.extensions.marketplace in workbench.view.extensions
