2024-06-08 10:35:56.345 [info] Added views:workbench.panel.markers.view in workbench.panel.markers
2024-06-08 10:35:56.345 [info] Added views:workbench.panel.output in workbench.panel.output
2024-06-08 10:35:56.345 [info] Added views:terminal in terminal
2024-06-08 10:35:56.345 [info] Added views:outline in workbench.view.explorer
2024-06-08 10:35:56.345 [info] Added views:workbench.scm in workbench.view.scm
2024-06-08 10:35:56.345 [info] Added views:workbench.view.search in workbench.view.search
2024-06-08 10:35:56.345 [info] Added views:timeline in workbench.view.explorer
2024-06-08 10:35:56.345 [info] Added views:workbench.explorer.fileView in workbench.view.explorer
2024-06-08 10:35:56.971 [info] Added views:workspaceViewer in workbench.view.extension.workspaceViewer
2024-06-08 10:35:57.963 [info] Added views:workbench.debug.variablesView,workbench.debug.watchExpressionsView,workbench.debug.callStackView,workbench.debug.breakPointsView in workbench.view.debug
2024-06-08 10:35:58.060 [info] Added views:workbench.panel.repl.view in workbench.panel.repl
2024-06-08 10:35:58.061 [info] Removed views:workbench.debug.breakPointsView,workbench.debug.callStackView,workbench.debug.watchExpressionsView,workbench.debug.variablesView from workbench.view.debug
2024-06-08 10:35:58.061 [info] Added views:workbench.debug.welcome in workbench.view.debug
2024-06-08 10:35:59.047 [info] Added views:~remote.forwardedPorts in ~remote.forwardedPortsContainer
2024-06-08 10:36:05.909 [info] Added views:workbench.views.extensions.installed,workbench.views.extensions.popular,extensions.recommendedList in workbench.view.extensions
2024-06-08 10:36:05.914 [info] Removed views:workbench.views.extensions.popular from workbench.view.extensions
2024-06-08 10:36:12.082 [info] Removed views:workbench.panel.repl.view from workbench.panel.repl
2024-06-08 10:36:12.942 [info] Added views:workbench.panel.repl.view in workbench.panel.repl
2024-06-08 10:36:14.699 [info] Removed views:extensions.recommendedList,workbench.views.extensions.installed from workbench.view.extensions
2024-06-08 10:36:14.710 [info] Added views:workbench.views.extensions.marketplace in workbench.view.extensions
2024-06-08 10:36:37.088 [info] Added views:rustDependencies in workbench.view.explorer
2024-06-08 10:36:50.762 [info] Removed views:workbench.views.extensions.marketplace from workbench.view.extensions
2024-06-08 10:36:50.784 [info] Added views:workbench.views.extensions.installed,extensions.recommendedList in workbench.view.extensions
