2024-06-05 20:59:24.747 [info] MainController: starting nvim: /usr/bin/nvim -N --embed --cmd source /home/omnia/.vscode-oss/extensions/asvetliakov.vscode-neovim-1.15.0-universal/runtime/vscode-neovim.vim -c cd /home/omnia/projects/R
2024-06-05 20:59:24.909 [info] MainController: Nvim info: {
  configFile: '/home/omnia/.dotfiles/.config/nvim/init.lua',
  nvimVersion: {
    api_prerelease: null,
    major: 0,
    minor: 10,
    patch: 0,
    api_compatible: 0,
    prerelease: true,
    api_level: 12,
    build: null
  },
  logFile: '/home/omnia/.local/state/nvim/log',
  configDir: '/home/omnia/.config/nvim'
}
2024-06-05 20:59:27.984 [warning] ViewportManager: Unable to update scrolled view. No grid for winId: 1005
2024-06-05 20:59:27.985 [warning] ViewportManager: Unable to update scrolled view. No grid for winId: 1004
2024-06-05 20:59:27.985 [warning] ViewportManager: Unable to update scrolled view. No grid for winId: 1003
2024-06-05 20:59:27.985 [warning] ViewportManager: Unable to update scrolled view. No grid for winId: 1002
2024-06-05 20:59:27.987 [info] MessagesManager: Highlight group 'NotifyBackground' has no background highlight
Please provide an RGB hex value or highlight group with a background value for 'background_colour' option.
This is the colour that will be used for 100% transparency.
```lua
require("notify").setup({
  background_colour = "#000000",
})
```
Defaulting to #000000
2024-06-05 20:59:41.617 [warning] ViewportManager: Unable to update scrolled view. No grid for winId: 1006
2024-06-05 21:00:21.957 [warning] ViewportManager: Unable to update scrolled view. No grid for winId: 1007
2024-06-05 21:00:23.191 [info] MessagesManager: E464: Ambiguous use of user-defined command
2024-06-05 21:00:42.901 [warning] ViewportManager: Unable to update scrolled view. No grid for winId: 1008
2024-06-05 21:02:17.544 [warning] ViewportManager: Unable to update scrolled view. No grid for winId: 1009
2024-06-05 21:02:37.509 [warning] ViewportManager: Unable to update scrolled view. No grid for winId: 1010
2024-06-05 21:02:38.331 [info] MessagesManager: E464: Ambiguous use of user-defined command
2024-06-05 21:03:18.526 [info] MessagesManager: E464: Ambiguous use of user-defined command
2024-06-05 21:04:17.507 [warning] ViewportManager: Unable to update scrolled view. No grid for winId: 1011
2024-06-05 21:05:54.951 [warning] ViewportManager: Unable to update scrolled view. No grid for winId: 1012
2024-06-05 21:06:25.837 [warning] ViewportManager: Unable to update scrolled view. No grid for winId: 1013
2024-06-05 21:07:03.270 [warning] ViewportManager: Unable to update scrolled view. No grid for winId: 1014
2024-06-05 21:12:19.340 [warning] ViewportManager: Unable to update scrolled view. No grid for winId: 1015
2024-06-05 21:13:20.366 [warning] ViewportManager: Unable to update scrolled view. No grid for winId: 1016
2024-06-05 21:13:34.364 [warning] ViewportManager: Unable to update scrolled view. No grid for winId: 1017
2024-06-05 21:13:58.564 [warning] ViewportManager: Unable to update scrolled view. No grid for winId: 1018
2024-06-05 21:14:02.099 [warning] ViewportManager: Unable to update scrolled view. No grid for winId: 1019
2024-06-05 21:14:04.786 [warning] ViewportManager: Unable to update scrolled view. No grid for winId: 1025
2024-06-05 21:14:04.786 [warning] ViewportManager: Unable to update scrolled view. No grid for winId: 1024
2024-06-05 21:14:04.786 [warning] ViewportManager: Unable to update scrolled view. No grid for winId: 1023
2024-06-05 21:14:04.788 [warning] ViewportManager: Unable to update scrolled view. No grid for winId: 1022
2024-06-05 21:14:04.788 [warning] ViewportManager: Unable to update scrolled view. No grid for winId: 1021
2024-06-05 21:14:04.793 [warning] ViewportManager: Unable to update scrolled view. No grid for winId: 1020
2024-06-05 21:14:04.797 [warning] ViewportManager: Unable to update scrolled view. No grid for winId: 1024
2024-06-05 21:14:04.893 [warning] ViewportManager: Unable to update scrolled view. No grid for winId: 1022
2024-06-05 21:14:04.905 [warning] ViewportManager: Unable to update scrolled view. No grid for winId: 1020
2024-06-05 21:14:04.970 [warning] ViewportManager: Unable to update scrolled view. No grid for winId: 1022
2024-06-05 21:14:52.551 [warning] ViewportManager: Unable to update scrolled view. No grid for winId: 1026
2024-06-05 21:15:46.080 [warning] ViewportManager: Unable to update scrolled view. No grid for winId: 1027
2024-06-05 21:17:31.071 [warning] ViewportManager: Unable to update scrolled view. No grid for winId: 1028
2024-06-05 21:17:39.637 [warning] ViewportManager: Unable to update scrolled view. No grid for winId: 1029
